<?xml version="1.0" encoding="UTF-8"?>
<!-- Generated by org.testng.reporters.JUnitReportReporter -->
<testsuite skipped="0" hostname="Vicky_CB" name="interview.test" tests="2" failures="0" timestamp="2020-05-01T11:08:43 IST" time="15.404" errors="0">
  <testcase name="testsetup" time="14.040" classname="interview.test"/>
  <system-out/>
  <testcase name="launch" time="1.364" classname="interview.test"/>
  <system-out/>
</testsuite> <!-- interview.test -->
