<?xml version="1.0" encoding="UTF-8"?>
<!-- Generated by org.testng.reporters.JUnitReportReporter -->
<testsuite skipped="0" hostname="Vicky_CB" name="CharmboardtestCase.TC_01" tests="1" failures="0" timestamp="2020-05-01T17:14:37 IST" time="0.330" errors="0">
  <testcase name="login" time="0.330" classname="CharmboardtestCase.TC_01"/>
  <system-out/>
</testsuite> <!-- CharmboardtestCase.TC_01 -->
