<?xml version="1.0" encoding="UTF-8"?>
<!-- Generated by org.testng.reporters.JUnitReportReporter -->
<testsuite skipped="0" hostname="Vicky_CB" name="interview.base" tests="2" failures="0" timestamp="2020-05-01T11:46:22 IST" time="10.134" errors="0">
  <testcase name="testsetup" time="8.693" classname="interview.base"/>
  <system-out/>
  <testcase name="launch" time="1.441" classname="interview.base"/>
  <system-out/>
</testsuite> <!-- interview.base -->
